Starting rMATS analysis for Tau S305N Gated Vector Design...
Job ID: 33879153
Start time: Wed 13 May 14:53:41 BST 2026
gtf: 18.310758352279663
There are 55487 distinct gene ID in the gtf file
There are 142699 distinct transcript ID in the gtf file
There are 34360 one-transcript genes in the gtf file
There are 843712 exons in the gtf file
There are 26971 one-exon transcripts in the gtf file
There are 21863 one-transcript genes with only one exon in the transcript
Average number of transcripts per gene is 2.571756
Average number of exons per transcript is 5.912529
Average number of exons per transcript excluding one-exon tx is 7.057419
Average number of gene per geneGroup is 7.453970
statistic: 0.033910274505615234

read outcome totals across all BAMs
USED: 183450587
NOT_PAIRED: 197056
NOT_NH_1: 47965077
NOT_EXPECTED_CIGAR: 3926495
NOT_EXPECTED_READ_LENGTH: 0
NOT_EXPECTED_STRAND: 0
EXON_NOT_MATCHED_TO_ANNOTATION: 99300993
JUNCTION_NOT_MATCHED_TO_ANNOTATION: 168912681
CLIPPED: 0
total: 503752889
outcomes by BAM written to: rmats_tmp/2026-05-13-14_53_41_647780_read_outcomes_by_bam.txt

novel: 503.68677401542664
The splicing graph and candidate read have been saved into rmats_tmp/2026-05-13-14_53_41_647780_*.rmats
save: 3.354471206665039
loadsg: 0.024164199829101562

==========
Done processing each gene from dictionary to compile AS events
Found 19884 exon skipping events
Found 889 exon MX events
Found 8382 alt SS events
There are 5339 alt 3 SS events and 3043 alt 5 SS events.
Found 4108 RI events
==========

ase: 1.344771385192871
count: 3.3167355060577393
Processing count files.
Done processing count files.
rMATS analysis complete!
End time: Wed 13 May 15:02:40 BST 2026
total 4.2M
-rw-rw----+  1 k25117163 er_prj_ppn_rnp_networks  25K May 13 15:02 A3SS.MATS.JCEC.txt
-rw-rw----+  1 k25117163 er_prj_ppn_rnp_networks  25K May 13 15:02 A3SS.MATS.JC.txt
-rw-rw----+  1 k25117163 er_prj_ppn_rnp_networks  12K May 13 15:02 A5SS.MATS.JCEC.txt
-rw-rw----+  1 k25117163 er_prj_ppn_rnp_networks  12K May 13 15:02 A5SS.MATS.JC.txt
-rw-rw----+  1 k25117163 er_prj_ppn_rnp_networks 508K May 13 15:02 fromGTF.A3SS.txt
-rw-rw----+  1 k25117163 er_prj_ppn_rnp_networks 289K May 13 15:02 fromGTF.A5SS.txt
-rw-rw----+  1 k25117163 er_prj_ppn_rnp_networks  99K May 13 15:02 fromGTF.MXE.txt
-rw-rw----+  1 k25117163 er_prj_ppn_rnp_networks 2.1K May 13 15:02 fromGTF.novelJunction.A3SS.txt
-rw-rw----+  1 k25117163 er_prj_ppn_rnp_networks 1.3K May 13 15:02 fromGTF.novelJunction.A5SS.txt
-rw-rw----+  1 k25117163 er_prj_ppn_rnp_networks  17K May 13 15:02 fromGTF.novelJunction.MXE.txt
-rw-rw----+  1 k25117163 er_prj_ppn_rnp_networks  471 May 13 15:02 fromGTF.novelJunction.RI.txt
-rw-rw----+  1 k25117163 er_prj_ppn_rnp_networks  82K May 13 15:02 fromGTF.novelJunction.SE.txt
-rw-rw----+  1 k25117163 er_prj_ppn_rnp_networks  102 May 13 15:02 fromGTF.novelSpliceSite.A3SS.txt
-rw-rw----+  1 k25117163 er_prj_ppn_rnp_networks  102 May 13 15:02 fromGTF.novelSpliceSite.A5SS.txt
-rw-rw----+  1 k25117163 er_prj_ppn_rnp_networks  140 May 13 15:02 fromGTF.novelSpliceSite.MXE.txt
-rw-rw----+  1 k25117163 er_prj_ppn_rnp_networks  108 May 13 15:02 fromGTF.novelSpliceSite.RI.txt
-rw-rw----+  1 k25117163 er_prj_ppn_rnp_networks  104 May 13 15:02 fromGTF.novelSpliceSite.SE.txt
-rw-rw----+  1 k25117163 er_prj_ppn_rnp_networks 390K May 13 15:02 fromGTF.RI.txt
-rw-rw----+  1 k25117163 er_prj_ppn_rnp_networks 1.9M May 13 15:02 fromGTF.SE.txt
-rw-rw----+  1 k25117163 er_prj_ppn_rnp_networks 7.6K May 13 15:02 JCEC.raw.input.A3SS.txt
-rw-rw----+  1 k25117163 er_prj_ppn_rnp_networks 3.7K May 13 15:02 JCEC.raw.input.A5SS.txt
-rw-rw----+  1 k25117163 er_prj_ppn_rnp_networks  15K May 13 15:02 JCEC.raw.input.MXE.txt
-rw-rw----+  1 k25117163 er_prj_ppn_rnp_networks 4.0K May 13 15:02 JCEC.raw.input.RI.txt
-rw-rw----+  1 k25117163 er_prj_ppn_rnp_networks  82K May 13 15:02 JCEC.raw.input.SE.txt
-rw-rw----+  1 k25117163 er_prj_ppn_rnp_networks 7.6K May 13 15:02 JC.raw.input.A3SS.txt
-rw-rw----+  1 k25117163 er_prj_ppn_rnp_networks 3.6K May 13 15:02 JC.raw.input.A5SS.txt
-rw-rw----+  1 k25117163 er_prj_ppn_rnp_networks  13K May 13 15:02 JC.raw.input.MXE.txt
-rw-rw----+  1 k25117163 er_prj_ppn_rnp_networks 3.9K May 13 15:02 JC.raw.input.RI.txt
-rw-rw----+  1 k25117163 er_prj_ppn_rnp_networks  80K May 13 15:02 JC.raw.input.SE.txt
-rw-rw----+  1 k25117163 er_prj_ppn_rnp_networks  46K May 13 15:02 MXE.MATS.JCEC.txt
-rw-rw----+  1 k25117163 er_prj_ppn_rnp_networks  42K May 13 15:02 MXE.MATS.JC.txt
-rw-rw----+  1 k25117163 er_prj_ppn_rnp_networks  13K May 13 15:02 RI.MATS.JCEC.txt
-rw-rw----+  1 k25117163 er_prj_ppn_rnp_networks  13K May 13 15:02 RI.MATS.JC.txt
-rw-rw----+  1 k25117163 er_prj_ppn_rnp_networks 254K May 13 15:02 SE.MATS.JCEC.txt
-rw-rw----+  1 k25117163 er_prj_ppn_rnp_networks 252K May 13 15:02 SE.MATS.JC.txt
-rw-rw----+  1 k25117163 er_prj_ppn_rnp_networks  471 May 13 15:02 summary.txt
drwxrws---+ 12 k25117163 er_prj_ppn_rnp_networks   10 May 13 15:02 tmp
